<?xml version="1.0" encoding="UTF-8"?>
<robot generated="20180524 00:08:53.719" generator="Robot 3.0.4 (Python 2.7.12 on linux2)">
<suite source="/home/julius/Desktop/korean-drama-db-team-kddb/robot_tests/invalid_signup_test/invalid_signup.robot" id="s1" name="Invalid Signup">
<kw type="setup" name="Open Browser To Login Page" library="resource">
<kw name="Open Browser" library="Selenium2Library">
<doc>Opens a new browser instance to given URL.</doc>
<arguments>
<arg>${LOGIN URL}</arg>
<arg>${BROWSER}</arg>
</arguments>
<msg timestamp="20180524 00:08:54.153" level="INFO">Opening browser 'chrome' to base url 'http://localhost:3000/'</msg>
<status status="PASS" endtime="20180524 00:08:59.697" starttime="20180524 00:08:54.152"></status>
</kw>
<kw name="Maximize Browser Window" library="Selenium2Library">
<doc>Maximizes current browser window.</doc>
<status status="PASS" endtime="20180524 00:08:59.813" starttime="20180524 00:08:59.698"></status>
</kw>
<kw name="Set Selenium Speed" library="Selenium2Library">
<doc>Sets the delay in seconds that is waited after each Selenium command.</doc>
<arguments>
<arg>${DELAY}</arg>
</arguments>
<status status="PASS" endtime="20180524 00:08:59.815" starttime="20180524 00:08:59.813"></status>
</kw>
<kw name="Login Page Should Be Open" library="resource">
<kw name="Title Should Be" library="Selenium2Library">
<doc>Verifies that current page title equals `title`.</doc>
<arguments>
<arg>KDdb</arg>
</arguments>
<msg timestamp="20180524 00:08:59.866" level="INFO">Page title is 'KDdb'.</msg>
<status status="PASS" endtime="20180524 00:08:59.866" starttime="20180524 00:08:59.817"></status>
</kw>
<kw name="Sign Up" library="resource">
<kw name="Click Element" library="Selenium2Library">
<doc>Click element identified by `locator`.</doc>
<arguments>
<arg>//div[@class="ui inverted login button"]</arg>
</arguments>
<msg timestamp="20180524 00:08:59.868" level="INFO">Clicking element '//div[@class="ui inverted login button"]'.</msg>
<status status="PASS" endtime="20180524 00:09:00.330" starttime="20180524 00:08:59.867"></status>
</kw>
<kw name="Set Selenium Speed" library="Selenium2Library">
<doc>Sets the delay in seconds that is waited after each Selenium command.</doc>
<arguments>
<arg>${DELAY1}</arg>
</arguments>
<status status="PASS" endtime="20180524 00:09:00.332" starttime="20180524 00:09:00.331"></status>
</kw>
<status status="PASS" endtime="20180524 00:09:00.333" starttime="20180524 00:08:59.867"></status>
</kw>
<status status="PASS" endtime="20180524 00:09:00.333" starttime="20180524 00:08:59.815"></status>
</kw>
<status status="PASS" endtime="20180524 00:09:00.333" starttime="20180524 00:08:54.151"></status>
</kw>
<test id="s1-t1" name="Password Mismatch">
<kw type="setup" name="Sign Up Page Should Be Open" library="resource">
<kw name="Click Element" library="Selenium2Library">
<doc>Click element identified by `locator`.</doc>
<arguments>
<arg>//a[@class="ui pointer signup link"]</arg>
</arguments>
<msg timestamp="20180524 00:09:00.339" level="INFO">Clicking element '//a[@class="ui pointer signup link"]'.</msg>
<status status="PASS" endtime="20180524 00:09:01.668" starttime="20180524 00:09:00.338"></status>
</kw>
<kw name="Set Selenium Speed" library="Selenium2Library">
<doc>Sets the delay in seconds that is waited after each Selenium command.</doc>
<arguments>
<arg>${DELAY}</arg>
</arguments>
<status status="PASS" endtime="20180524 00:09:01.669" starttime="20180524 00:09:01.668"></status>
</kw>
<status status="PASS" endtime="20180524 00:09:01.670" starttime="20180524 00:09:00.336"></status>
</kw>
<kw name="Login With Invalid Credentials Should Fail">
<arguments>
<arg>valid</arg>
<arg>valid</arg>
<arg>password</arg>
<arg>drowssap</arg>
</arguments>
<kw name="Input Name" library="resource">
<arguments>
<arg>${name}</arg>
</arguments>
<kw name="Input Text" library="Selenium2Library">
<doc>Types the given `text` into text field identified by `locator`.</doc>
<arguments>
<arg>id=user_name</arg>
<arg>${name}</arg>
</arguments>
<msg timestamp="20180524 00:09:01.676" level="INFO">Typing text 'valid' into text field 'id=user_name'</msg>
<status status="PASS" endtime="20180524 00:09:02.034" starttime="20180524 00:09:01.674"></status>
</kw>
<status status="PASS" endtime="20180524 00:09:02.034" starttime="20180524 00:09:01.672"></status>
</kw>
<kw name="Input Username" library="resource">
<arguments>
<arg>${username}</arg>
</arguments>
<kw name="Input Text" library="Selenium2Library">
<doc>Types the given `text` into text field identified by `locator`.</doc>
<arguments>
<arg>user_username</arg>
<arg>${username}</arg>
</arguments>
<msg timestamp="20180524 00:09:02.038" level="INFO">Typing text 'valid' into text field 'user_username'</msg>
<status status="PASS" endtime="20180524 00:09:02.379" starttime="20180524 00:09:02.037"></status>
</kw>
<status status="PASS" endtime="20180524 00:09:02.380" starttime="20180524 00:09:02.035"></status>
</kw>
<kw name="Input Password" library="resource">
<arguments>
<arg>${password}</arg>
</arguments>
<kw name="Input Text" library="Selenium2Library">
<doc>Types the given `text` into text field identified by `locator`.</doc>
<arguments>
<arg>user_password</arg>
<arg>${password}</arg>
</arguments>
<msg timestamp="20180524 00:09:02.384" level="INFO">Typing text 'password' into text field 'user_password'</msg>
<status status="PASS" endtime="20180524 00:09:02.708" starttime="20180524 00:09:02.383"></status>
</kw>
<status status="PASS" endtime="20180524 00:09:02.708" starttime="20180524 00:09:02.381"></status>
</kw>
<kw name="Input Password Confirmation" library="resource">
<arguments>
<arg>${confirmpass}</arg>
</arguments>
<kw name="Input Text" library="Selenium2Library">
<doc>Types the given `text` into text field identified by `locator`.</doc>
<arguments>
<arg>user_password_confirmation</arg>
<arg>${confirmpass}</arg>
</arguments>
<msg timestamp="20180524 00:09:02.712" level="INFO">Typing text 'drowssap' into text field 'user_password_confirmation'</msg>
<status status="PASS" endtime="20180524 00:09:03.039" starttime="20180524 00:09:02.711"></status>
</kw>
<status status="PASS" endtime="20180524 00:09:03.039" starttime="20180524 00:09:02.709"></status>
</kw>
<kw name="Submit Credentials" library="resource">
<kw name="Click Button" library="Selenium2Library">
<doc>Clicks a button identified by `locator`.</doc>
<arguments>
<arg>//button[.//text() = 'SIGN UP']</arg>
</arguments>
<msg timestamp="20180524 00:09:03.042" level="INFO">Clicking button '//button[.//text() = 'SIGN UP']'.</msg>
<status status="PASS" endtime="20180524 00:09:04.265" starttime="20180524 00:09:03.041"></status>
</kw>
<status status="PASS" endtime="20180524 00:09:04.265" starttime="20180524 00:09:03.040"></status>
</kw>
<kw name="Login Should Have Failed">
<kw name="Location Should Be" library="Selenium2Library">
<doc>Verifies that current URL is exactly `url`.</doc>
<arguments>
<arg>${ERROR URL}</arg>
</arguments>
<msg timestamp="20180524 00:09:04.286" level="INFO">Current location is 'http://localhost:3000/'.</msg>
<status status="PASS" endtime="20180524 00:09:04.287" starttime="20180524 00:09:04.267"></status>
</kw>
<kw name="Wait Until Page Contains" library="Selenium2Library">
<doc>Waits until `text` appears on current page.</doc>
<arguments>
<arg>Error</arg>
</arguments>
<status status="PASS" endtime="20180524 00:09:04.393" starttime="20180524 00:09:04.287"></status>
</kw>
<kw name="Sign Up" library="resource">
<kw name="Click Element" library="Selenium2Library">
<doc>Click element identified by `locator`.</doc>
<arguments>
<arg>//div[@class="ui inverted login button"]</arg>
</arguments>
<msg timestamp="20180524 00:09:04.397" level="INFO">Clicking element '//div[@class="ui inverted login button"]'.</msg>
<status status="PASS" endtime="20180524 00:09:04.683" starttime="20180524 00:09:04.396"></status>
</kw>
<kw name="Set Selenium Speed" library="Selenium2Library">
<doc>Sets the delay in seconds that is waited after each Selenium command.</doc>
<arguments>
<arg>${DELAY1}</arg>
</arguments>
<status status="PASS" endtime="20180524 00:09:04.684" starttime="20180524 00:09:04.683"></status>
</kw>
<status status="PASS" endtime="20180524 00:09:04.685" starttime="20180524 00:09:04.394"></status>
</kw>
<status status="PASS" endtime="20180524 00:09:04.686" starttime="20180524 00:09:04.266"></status>
</kw>
<status status="PASS" endtime="20180524 00:09:04.686" starttime="20180524 00:09:01.671"></status>
</kw>
<status status="PASS" endtime="20180524 00:09:04.687" critical="yes" starttime="20180524 00:09:00.334"></status>
</test>
<test id="s1-t2" name="Name only">
<kw type="setup" name="Sign Up Page Should Be Open" library="resource">
<kw name="Click Element" library="Selenium2Library">
<doc>Click element identified by `locator`.</doc>
<arguments>
<arg>//a[@class="ui pointer signup link"]</arg>
</arguments>
<msg timestamp="20180524 00:09:04.694" level="INFO">Clicking element '//a[@class="ui pointer signup link"]'.</msg>
<status status="PASS" endtime="20180524 00:09:05.962" starttime="20180524 00:09:04.693"></status>
</kw>
<kw name="Set Selenium Speed" library="Selenium2Library">
<doc>Sets the delay in seconds that is waited after each Selenium command.</doc>
<arguments>
<arg>${DELAY}</arg>
</arguments>
<status status="PASS" endtime="20180524 00:09:05.964" starttime="20180524 00:09:05.963"></status>
</kw>
<status status="PASS" endtime="20180524 00:09:05.964" starttime="20180524 00:09:04.692"></status>
</kw>
<kw name="Login With Invalid Credentials Should Fail">
<arguments>
<arg>neym</arg>
<arg>${EMPTY}</arg>
<arg>${EMPTY}</arg>
<arg>${EMPTY}</arg>
</arguments>
<kw name="Input Name" library="resource">
<arguments>
<arg>${name}</arg>
</arguments>
<kw name="Input Text" library="Selenium2Library">
<doc>Types the given `text` into text field identified by `locator`.</doc>
<arguments>
<arg>id=user_name</arg>
<arg>${name}</arg>
</arguments>
<msg timestamp="20180524 00:09:05.970" level="INFO">Typing text 'neym' into text field 'id=user_name'</msg>
<status status="PASS" endtime="20180524 00:09:06.255" starttime="20180524 00:09:05.969"></status>
</kw>
<status status="PASS" endtime="20180524 00:09:06.256" starttime="20180524 00:09:05.967"></status>
</kw>
<kw name="Input Username" library="resource">
<arguments>
<arg>${username}</arg>
</arguments>
<kw name="Input Text" library="Selenium2Library">
<doc>Types the given `text` into text field identified by `locator`.</doc>
<arguments>
<arg>user_username</arg>
<arg>${username}</arg>
</arguments>
<msg timestamp="20180524 00:09:06.259" level="INFO">Typing text '' into text field 'user_username'</msg>
<status status="PASS" endtime="20180524 00:09:06.512" starttime="20180524 00:09:06.258"></status>
</kw>
<status status="PASS" endtime="20180524 00:09:06.512" starttime="20180524 00:09:06.257"></status>
</kw>
<kw name="Input Password" library="resource">
<arguments>
<arg>${password}</arg>
</arguments>
<kw name="Input Text" library="Selenium2Library">
<doc>Types the given `text` into text field identified by `locator`.</doc>
<arguments>
<arg>user_password</arg>
<arg>${password}</arg>
</arguments>
<msg timestamp="20180524 00:09:06.515" level="INFO">Typing text '' into text field 'user_password'</msg>
<status status="PASS" endtime="20180524 00:09:06.780" starttime="20180524 00:09:06.514"></status>
</kw>
<status status="PASS" endtime="20180524 00:09:06.780" starttime="20180524 00:09:06.513"></status>
</kw>
<kw name="Input Password Confirmation" library="resource">
<arguments>
<arg>${confirmpass}</arg>
</arguments>
<kw name="Input Text" library="Selenium2Library">
<doc>Types the given `text` into text field identified by `locator`.</doc>
<arguments>
<arg>user_password_confirmation</arg>
<arg>${confirmpass}</arg>
</arguments>
<msg timestamp="20180524 00:09:06.785" level="INFO">Typing text '' into text field 'user_password_confirmation'</msg>
<status status="PASS" endtime="20180524 00:09:07.018" starttime="20180524 00:09:06.783"></status>
</kw>
<status status="PASS" endtime="20180524 00:09:07.019" starttime="20180524 00:09:06.781"></status>
</kw>
<kw name="Submit Credentials" library="resource">
<kw name="Click Button" library="Selenium2Library">
<doc>Clicks a button identified by `locator`.</doc>
<arguments>
<arg>//button[.//text() = 'SIGN UP']</arg>
</arguments>
<msg timestamp="20180524 00:09:07.023" level="INFO">Clicking button '//button[.//text() = 'SIGN UP']'.</msg>
<status status="PASS" endtime="20180524 00:09:07.987" starttime="20180524 00:09:07.021"></status>
</kw>
<status status="PASS" endtime="20180524 00:09:07.987" starttime="20180524 00:09:07.019"></status>
</kw>
<kw name="Login Should Have Failed">
<kw name="Location Should Be" library="Selenium2Library">
<doc>Verifies that current URL is exactly `url`.</doc>
<arguments>
<arg>${ERROR URL}</arg>
</arguments>
<msg timestamp="20180524 00:09:08.012" level="INFO">Current location is 'http://localhost:3000/'.</msg>
<status status="PASS" endtime="20180524 00:09:08.013" starttime="20180524 00:09:07.990"></status>
</kw>
<kw name="Wait Until Page Contains" library="Selenium2Library">
<doc>Waits until `text` appears on current page.</doc>
<arguments>
<arg>Error</arg>
</arguments>
<status status="PASS" endtime="20180524 00:09:08.053" starttime="20180524 00:09:08.013"></status>
</kw>
<kw name="Sign Up" library="resource">
<kw name="Click Element" library="Selenium2Library">
<doc>Click element identified by `locator`.</doc>
<arguments>
<arg>//div[@class="ui inverted login button"]</arg>
</arguments>
<msg timestamp="20180524 00:09:08.055" level="INFO">Clicking element '//div[@class="ui inverted login button"]'.</msg>
<status status="PASS" endtime="20180524 00:09:08.316" starttime="20180524 00:09:08.055"></status>
</kw>
<kw name="Set Selenium Speed" library="Selenium2Library">
<doc>Sets the delay in seconds that is waited after each Selenium command.</doc>
<arguments>
<arg>${DELAY1}</arg>
</arguments>
<status status="PASS" endtime="20180524 00:09:08.317" starttime="20180524 00:09:08.316"></status>
</kw>
<status status="PASS" endtime="20180524 00:09:08.318" starttime="20180524 00:09:08.053"></status>
</kw>
<status status="PASS" endtime="20180524 00:09:08.318" starttime="20180524 00:09:07.988"></status>
</kw>
<status status="PASS" endtime="20180524 00:09:08.318" starttime="20180524 00:09:05.965"></status>
</kw>
<status status="PASS" endtime="20180524 00:09:08.319" critical="yes" starttime="20180524 00:09:04.690"></status>
</test>
<test id="s1-t3" name="Username only">
<kw type="setup" name="Sign Up Page Should Be Open" library="resource">
<kw name="Click Element" library="Selenium2Library">
<doc>Click element identified by `locator`.</doc>
<arguments>
<arg>//a[@class="ui pointer signup link"]</arg>
</arguments>
<msg timestamp="20180524 00:09:08.327" level="INFO">Clicking element '//a[@class="ui pointer signup link"]'.</msg>
<status status="PASS" endtime="20180524 00:09:09.625" starttime="20180524 00:09:08.325"></status>
</kw>
<kw name="Set Selenium Speed" library="Selenium2Library">
<doc>Sets the delay in seconds that is waited after each Selenium command.</doc>
<arguments>
<arg>${DELAY}</arg>
</arguments>
<status status="PASS" endtime="20180524 00:09:09.629" starttime="20180524 00:09:09.627"></status>
</kw>
<status status="PASS" endtime="20180524 00:09:09.630" starttime="20180524 00:09:08.324"></status>
</kw>
<kw name="Login With Invalid Credentials Should Fail">
<arguments>
<arg>${EMPTY}</arg>
<arg>neym</arg>
<arg>${EMPTY}</arg>
<arg>${EMPTY}</arg>
</arguments>
<kw name="Input Name" library="resource">
<arguments>
<arg>${name}</arg>
</arguments>
<kw name="Input Text" library="Selenium2Library">
<doc>Types the given `text` into text field identified by `locator`.</doc>
<arguments>
<arg>id=user_name</arg>
<arg>${name}</arg>
</arguments>
<msg timestamp="20180524 00:09:09.637" level="INFO">Typing text '' into text field 'id=user_name'</msg>
<status status="PASS" endtime="20180524 00:09:09.855" starttime="20180524 00:09:09.636"></status>
</kw>
<status status="PASS" endtime="20180524 00:09:09.855" starttime="20180524 00:09:09.635"></status>
</kw>
<kw name="Input Username" library="resource">
<arguments>
<arg>${username}</arg>
</arguments>
<kw name="Input Text" library="Selenium2Library">
<doc>Types the given `text` into text field identified by `locator`.</doc>
<arguments>
<arg>user_username</arg>
<arg>${username}</arg>
</arguments>
<msg timestamp="20180524 00:09:09.858" level="INFO">Typing text 'neym' into text field 'user_username'</msg>
<status status="PASS" endtime="20180524 00:09:10.158" starttime="20180524 00:09:09.857"></status>
</kw>
<status status="PASS" endtime="20180524 00:09:10.159" starttime="20180524 00:09:09.856"></status>
</kw>
<kw name="Input Password" library="resource">
<arguments>
<arg>${password}</arg>
</arguments>
<kw name="Input Text" library="Selenium2Library">
<doc>Types the given `text` into text field identified by `locator`.</doc>
<arguments>
<arg>user_password</arg>
<arg>${password}</arg>
</arguments>
<msg timestamp="20180524 00:09:10.162" level="INFO">Typing text '' into text field 'user_password'</msg>
<kw name="Capture Page Screenshot" library="Selenium2Library">
<doc>Takes a screenshot of the current page and embeds it into the log.</doc>
<msg timestamp="20180524 00:09:10.663" level="FAIL">NoSuchWindowException: Message: no such window: target window already closed
from unknown error: web view not found
  (Session info: chrome=66.0.3359.170)
  (Driver info: chromedriver=2.38.552522 (437e6fbedfa8762dec75e2c5b3ddb86763dc9dcb),platform=Linux 4.13.0-41-generic x86_64)
</msg>
<status status="FAIL" endtime="20180524 00:09:10.663" starttime="20180524 00:09:10.600"></status>
</kw>
<msg timestamp="20180524 00:09:10.664" level="WARN">Keyword 'Capture Page Screenshot' could not be run on failure: NoSuchWindowException: Message: no such window: target window already closed
from unknown error: web view not found
  (Session info: chrome=66.0.3359.170)
  (Driver info: chromedriver=2.38.552522 (437e6fbedfa8762dec75e2c5b3ddb86763dc9dcb),platform=Linux 4.13.0-41-generic x86_64)
</msg>
<msg timestamp="20180524 00:09:10.729" level="FAIL">NoSuchWindowException: Message: no such window: target window already closed
from unknown error: web view not found
  (Session info: chrome=66.0.3359.170)
  (Driver info: chromedriver=2.38.552522 (437e6fbedfa8762dec75e2c5b3ddb86763dc9dcb),platform=Linux 4.13.0-41-generic x86_64)
</msg>
<status status="FAIL" endtime="20180524 00:09:10.730" starttime="20180524 00:09:10.161"></status>
</kw>
<status status="FAIL" endtime="20180524 00:09:10.730" starttime="20180524 00:09:10.159"></status>
</kw>
<status status="FAIL" endtime="20180524 00:09:10.731" starttime="20180524 00:09:09.632"></status>
</kw>
<status status="FAIL" endtime="20180524 00:09:10.732" critical="yes" starttime="20180524 00:09:08.322">NoSuchWindowException: Message: no such window: target window already closed
from unknown error: web view not found
  (Session info: chrome=66.0.3359.170)
  (Driver info: chromedriver=2.38.552522 (437e6fbedfa8762dec75e2c5b3ddb86763dc9dcb),platform=Linux 4.13.0-41-generic x86_64)
</status>
</test>
<test id="s1-t4" name="Password only">
<kw type="setup" name="Sign Up Page Should Be Open" library="resource">
<kw name="Click Element" library="Selenium2Library">
<doc>Click element identified by `locator`.</doc>
<arguments>
<arg>//a[@class="ui pointer signup link"]</arg>
</arguments>
<msg timestamp="20180524 00:09:10.736" level="INFO">Clicking element '//a[@class="ui pointer signup link"]'.</msg>
<kw name="Capture Page Screenshot" library="Selenium2Library">
<doc>Takes a screenshot of the current page and embeds it into the log.</doc>
<msg timestamp="20180524 00:09:10.762" level="FAIL">NoSuchWindowException: Message: no such window: target window already closed
from unknown error: web view not found
  (Session info: chrome=66.0.3359.170)
  (Driver info: chromedriver=2.38.552522 (437e6fbedfa8762dec75e2c5b3ddb86763dc9dcb),platform=Linux 4.13.0-41-generic x86_64)
</msg>
<status status="FAIL" endtime="20180524 00:09:10.762" starttime="20180524 00:09:10.746"></status>
</kw>
<msg timestamp="20180524 00:09:10.762" level="WARN">Keyword 'Capture Page Screenshot' could not be run on failure: NoSuchWindowException: Message: no such window: target window already closed
from unknown error: web view not found
  (Session info: chrome=66.0.3359.170)
  (Driver info: chromedriver=2.38.552522 (437e6fbedfa8762dec75e2c5b3ddb86763dc9dcb),platform=Linux 4.13.0-41-generic x86_64)
</msg>
<msg timestamp="20180524 00:09:10.842" level="FAIL">NoSuchWindowException: Message: no such window: target window already closed
from unknown error: web view not found
  (Session info: chrome=66.0.3359.170)
  (Driver info: chromedriver=2.38.552522 (437e6fbedfa8762dec75e2c5b3ddb86763dc9dcb),platform=Linux 4.13.0-41-generic x86_64)
</msg>
<status status="FAIL" endtime="20180524 00:09:10.843" starttime="20180524 00:09:10.736"></status>
</kw>
<status status="FAIL" endtime="20180524 00:09:10.844" starttime="20180524 00:09:10.735"></status>
</kw>
<status status="FAIL" endtime="20180524 00:09:10.846" critical="yes" starttime="20180524 00:09:10.733">Setup failed:
NoSuchWindowException: Message: no such window: target window already closed
from unknown error: web view not found
  (Session info: chrome=66.0.3359.170)
  (Driver info: chromedriver=2.38.552522 (437e6fbedfa8762dec75e2c5b3ddb86763dc9dcb),platform=Linux 4.13.0-41-generic x86_64)
</status>
</test>
<test id="s1-t5" name="Confirm password only">
<kw type="setup" name="Sign Up Page Should Be Open" library="resource">
<kw name="Click Element" library="Selenium2Library">
<doc>Click element identified by `locator`.</doc>
<arguments>
<arg>//a[@class="ui pointer signup link"]</arg>
</arguments>
<msg timestamp="20180524 00:09:10.853" level="INFO">Clicking element '//a[@class="ui pointer signup link"]'.</msg>
<kw name="Capture Page Screenshot" library="Selenium2Library">
<doc>Takes a screenshot of the current page and embeds it into the log.</doc>
<msg timestamp="20180524 00:09:10.875" level="FAIL">NoSuchWindowException: Message: no such window: target window already closed
from unknown error: web view not found
  (Session info: chrome=66.0.3359.170)
  (Driver info: chromedriver=2.38.552522 (437e6fbedfa8762dec75e2c5b3ddb86763dc9dcb),platform=Linux 4.13.0-41-generic x86_64)
</msg>
<status status="FAIL" endtime="20180524 00:09:10.875" starttime="20180524 00:09:10.860"></status>
</kw>
<msg timestamp="20180524 00:09:10.875" level="WARN">Keyword 'Capture Page Screenshot' could not be run on failure: NoSuchWindowException: Message: no such window: target window already closed
from unknown error: web view not found
  (Session info: chrome=66.0.3359.170)
  (Driver info: chromedriver=2.38.552522 (437e6fbedfa8762dec75e2c5b3ddb86763dc9dcb),platform=Linux 4.13.0-41-generic x86_64)
</msg>
<msg timestamp="20180524 00:09:10.877" level="FAIL">NoSuchWindowException: Message: no such window: target window already closed
from unknown error: web view not found
  (Session info: chrome=66.0.3359.170)
  (Driver info: chromedriver=2.38.552522 (437e6fbedfa8762dec75e2c5b3ddb86763dc9dcb),platform=Linux 4.13.0-41-generic x86_64)
</msg>
<status status="FAIL" endtime="20180524 00:09:10.878" starttime="20180524 00:09:10.852"></status>
</kw>
<status status="FAIL" endtime="20180524 00:09:10.878" starttime="20180524 00:09:10.851"></status>
</kw>
<status status="FAIL" endtime="20180524 00:09:10.879" critical="yes" starttime="20180524 00:09:10.849">Setup failed:
NoSuchWindowException: Message: no such window: target window already closed
from unknown error: web view not found
  (Session info: chrome=66.0.3359.170)
  (Driver info: chromedriver=2.38.552522 (437e6fbedfa8762dec75e2c5b3ddb86763dc9dcb),platform=Linux 4.13.0-41-generic x86_64)
</status>
</test>
<test id="s1-t6" name="Nothing at all">
<kw type="setup" name="Sign Up Page Should Be Open" library="resource">
<kw name="Click Element" library="Selenium2Library">
<doc>Click element identified by `locator`.</doc>
<arguments>
<arg>//a[@class="ui pointer signup link"]</arg>
</arguments>
<msg timestamp="20180524 00:09:10.884" level="INFO">Clicking element '//a[@class="ui pointer signup link"]'.</msg>
<kw name="Capture Page Screenshot" library="Selenium2Library">
<doc>Takes a screenshot of the current page and embeds it into the log.</doc>
<msg timestamp="20180524 00:09:10.909" level="FAIL">NoSuchWindowException: Message: no such window: target window already closed
from unknown error: web view not found
  (Session info: chrome=66.0.3359.170)
  (Driver info: chromedriver=2.38.552522 (437e6fbedfa8762dec75e2c5b3ddb86763dc9dcb),platform=Linux 4.13.0-41-generic x86_64)
</msg>
<status status="FAIL" endtime="20180524 00:09:10.910" starttime="20180524 00:09:10.892"></status>
</kw>
<msg timestamp="20180524 00:09:10.910" level="WARN">Keyword 'Capture Page Screenshot' could not be run on failure: NoSuchWindowException: Message: no such window: target window already closed
from unknown error: web view not found
  (Session info: chrome=66.0.3359.170)
  (Driver info: chromedriver=2.38.552522 (437e6fbedfa8762dec75e2c5b3ddb86763dc9dcb),platform=Linux 4.13.0-41-generic x86_64)
</msg>
<msg timestamp="20180524 00:09:10.913" level="FAIL">NoSuchWindowException: Message: no such window: target window already closed
from unknown error: web view not found
  (Session info: chrome=66.0.3359.170)
  (Driver info: chromedriver=2.38.552522 (437e6fbedfa8762dec75e2c5b3ddb86763dc9dcb),platform=Linux 4.13.0-41-generic x86_64)
</msg>
<status status="FAIL" endtime="20180524 00:09:10.913" starttime="20180524 00:09:10.883"></status>
</kw>
<status status="FAIL" endtime="20180524 00:09:10.914" starttime="20180524 00:09:10.882"></status>
</kw>
<status status="FAIL" endtime="20180524 00:09:10.914" critical="yes" starttime="20180524 00:09:10.881">Setup failed:
NoSuchWindowException: Message: no such window: target window already closed
from unknown error: web view not found
  (Session info: chrome=66.0.3359.170)
  (Driver info: chromedriver=2.38.552522 (437e6fbedfa8762dec75e2c5b3ddb86763dc9dcb),platform=Linux 4.13.0-41-generic x86_64)
</status>
</test>
<kw type="teardown" name="Close Browser" library="Selenium2Library">
<doc>Closes the current browser.</doc>
<status status="PASS" endtime="20180524 00:09:10.990" starttime="20180524 00:09:10.918"></status>
</kw>
<doc>A test suite containing tests related to invalid signup.

These tests are data-driven by their nature. They use a single
keyword, specified with Test Template setting, that is called
with different arguments to cover different scenarios.

This suite also demonstrates using setups and teardowns in
different levels.</doc>
<status status="FAIL" endtime="20180524 00:09:10.990" starttime="20180524 00:08:53.722"></status>
</suite>
<statistics>
<total>
<stat fail="4" pass="2">Critical Tests</stat>
<stat fail="4" pass="2">All Tests</stat>
</total>
<tag>
</tag>
<suite>
<stat fail="4" id="s1" name="Invalid Signup" pass="2">Invalid Signup</stat>
</suite>
</statistics>
<errors>
<msg timestamp="20180524 00:09:10.664" level="WARN">Keyword 'Capture Page Screenshot' could not be run on failure: NoSuchWindowException: Message: no such window: target window already closed
from unknown error: web view not found
  (Session info: chrome=66.0.3359.170)
  (Driver info: chromedriver=2.38.552522 (437e6fbedfa8762dec75e2c5b3ddb86763dc9dcb),platform=Linux 4.13.0-41-generic x86_64)
</msg>
<msg timestamp="20180524 00:09:10.762" level="WARN">Keyword 'Capture Page Screenshot' could not be run on failure: NoSuchWindowException: Message: no such window: target window already closed
from unknown error: web view not found
  (Session info: chrome=66.0.3359.170)
  (Driver info: chromedriver=2.38.552522 (437e6fbedfa8762dec75e2c5b3ddb86763dc9dcb),platform=Linux 4.13.0-41-generic x86_64)
</msg>
<msg timestamp="20180524 00:09:10.875" level="WARN">Keyword 'Capture Page Screenshot' could not be run on failure: NoSuchWindowException: Message: no such window: target window already closed
from unknown error: web view not found
  (Session info: chrome=66.0.3359.170)
  (Driver info: chromedriver=2.38.552522 (437e6fbedfa8762dec75e2c5b3ddb86763dc9dcb),platform=Linux 4.13.0-41-generic x86_64)
</msg>
<msg timestamp="20180524 00:09:10.910" level="WARN">Keyword 'Capture Page Screenshot' could not be run on failure: NoSuchWindowException: Message: no such window: target window already closed
from unknown error: web view not found
  (Session info: chrome=66.0.3359.170)
  (Driver info: chromedriver=2.38.552522 (437e6fbedfa8762dec75e2c5b3ddb86763dc9dcb),platform=Linux 4.13.0-41-generic x86_64)
</msg>
</errors>
</robot>
